This is pdfTeX, Version 3.14159265-2.6-1.40.15 (TeX Live 2014) (preloaded format=pdflatex 2014.7.9)  5 OCT 2014 00:02
entering extended mode
 restricted \write18 enabled.
 file:line:error style messages enabled.
 %&-line parsing enabled.
**template-es.tex
(./template-es.tex
LaTeX2e <2014/05/01>
Babel <3.9k> and hyphenation patterns for 21 languages loaded.

! LaTeX Error: File `moderncv.cls' not found.

Type X to quit or <RETURN> to proceed,
or enter new name. (Default extension: cls)

Enter file name: 
./template-es.tex:10: Emergency stop.
<read *> 
         
l.10 ^^M
        
End of file on the terminal!

 
Here is how much of TeX's memory you used:
 10 strings out of 494522
 204 string characters out of 6167206
 47238 words of memory out of 5000000
 3368 multiletter control sequences out of 15000+600000
 3640 words of font info for 14 fonts, out of 8000000 for 9000
 319 hyphenation exceptions out of 8191
 10i,0n,7p,280b,8s stack positions out of 5000i,500n,10000p,200000b,80000s
./template-es.tex:10:  ==> Fatal error occurred, no output PDF file produced!
